0 info it worked if it ends with ok
1 verbose cli [ 'C:\\Program Files\\nodejs\\node.exe',
1 verbose cli   'C:\\Users\\Jacob\\AppData\\Roaming\\npm\\node_modules\\npm\\bin\\npm-cli.js',
1 verbose cli   'install',
1 verbose cli   'gentelella',
1 verbose cli   '--save' ]
2 info using npm@2.14.2
3 info using node@v4.5.0
4 verbose install initial load of C:\Users\Jacob\Desktop\webdev\dwf\admin\package.json
5 verbose readDependencies loading dependencies from C:\Users\Jacob\Desktop\webdev\dwf\admin\package.json
6 silly cache add args [ 'gentelella', null ]
7 verbose cache add spec gentelella
8 silly cache add parsed spec Result {
8 silly cache add   raw: 'gentelella',
8 silly cache add   scope: null,
8 silly cache add   name: 'gentelella',
8 silly cache add   rawSpec: '',
8 silly cache add   spec: '*',
8 silly cache add   type: 'range' }
9 silly addNamed gentelella@*
10 verbose addNamed "*" is a valid semver range for gentelella
11 silly addNameRange { name: 'gentelella', range: '*', hasData: false }
12 silly mapToRegistry name gentelella
13 silly mapToRegistry using default registry
14 silly mapToRegistry registry http://registry.npmjs.org/
15 silly mapToRegistry uri http://registry.npmjs.org/gentelella
16 verbose addNameRange registry:http://registry.npmjs.org/gentelella not in flight; fetching
17 verbose request uri http://registry.npmjs.org/gentelella
18 verbose request no auth needed
19 info attempt registry request try #1 at 10:06:30 PM
20 verbose request id 3996ac577975fe07
21 http request GET http://registry.npmjs.org/gentelella
22 info retry will retry, error on last attempt: Error: connect ECONNREFUSED 127.0.0.1:8100
23 info attempt registry request try #2 at 10:06:41 PM
24 http request GET http://registry.npmjs.org/gentelella
25 info retry will retry, error on last attempt: Error: connect ECONNREFUSED 127.0.0.1:8100
26 info attempt registry request try #3 at 10:07:42 PM
27 http request GET http://registry.npmjs.org/gentelella
28 verbose stack Error: connect ECONNREFUSED 127.0.0.1:8100
28 verbose stack     at Object.exports._errnoException (util.js:907:11)
28 verbose stack     at exports._exceptionWithHostPort (util.js:930:20)
28 verbose stack     at TCPConnectWrap.afterConnect [as oncomplete] (net.js:1077:14)
29 verbose cwd C:\Users\Jacob\Desktop\webdev\dwf\admin
30 error Windows_NT 10.0.14393
31 error argv "C:\\Program Files\\nodejs\\node.exe" "C:\\Users\\Jacob\\AppData\\Roaming\\npm\\node_modules\\npm\\bin\\npm-cli.js" "install" "gentelella" "--save"
32 error node v4.5.0
33 error npm  v2.14.2
34 error code ECONNREFUSED
35 error errno ECONNREFUSED
36 error syscall connect
37 error Error: connect ECONNREFUSED 127.0.0.1:8100
37 error     at Object.exports._errnoException (util.js:907:11)
37 error     at exports._exceptionWithHostPort (util.js:930:20)
37 error     at TCPConnectWrap.afterConnect [as oncomplete] (net.js:1077:14)
37 error  { [Error: connect ECONNREFUSED 127.0.0.1:8100]
37 error   code: 'ECONNREFUSED',
37 error   errno: 'ECONNREFUSED',
37 error   syscall: 'connect',
37 error   address: '127.0.0.1',
37 error   port: 8100 }
38 error If you are behind a proxy, please make sure that the
38 error 'proxy' config is set properly.  See: 'npm help config'
39 verbose exit [ 1, true ]
